<?xml version="1.0" encoding="UTF-8"?>
<!-- Generated by org.testng.reporters.JUnitReportReporter -->
<testsuite hostname="TGL193" failures="0" tests="1" name="MyRunner.Runner" time="74.419" errors="0" timestamp="2022-02-22T11:06:51 IST" skipped="0">
  <testcase classname="MyRunner.Runner" name="runScenario" time="74.419"/>
  <system-out/>
</testsuite> <!-- MyRunner.Runner -->
